2025-05-15 21:41:16 REGION=US START_YEAR=2005 END_YEAR=2010
2025-05-15 21:48:03 REGION=JP START_YEAR=2020 END_YEAR=2020
=== 2025-05-15 21:56:14 QUERY REGION=JP START_YEAR=2020 END_YEAR=2020 ===
464052 Wonder Woman 1984
337401 Mulan
715287 Stepmom's Desire
706503 Lost Bullet
694943 Pizza Dare 1

=== 2025-05-15 21:58:02 QUERY REGION=JP START_YEAR=2000 END_YEAR=2005 ===
7451 xXx
950784 Flame of Recca: Final Burning
9532 Final Destination
671 Harry Potter and the Philosopher's Stone
808 Shrek

=== 2025-05-15 22:01:42 QUERY REGION=JP START_YEAR=1995 END_YEAR=2000 ===
9532 Final Destination
36647 Blade
597 Titanic
603 The Matrix
98 Gladiator

=== 2025-05-15 22:21:44 QUERY REGION=JP START_YEAR=2020 END_YEAR=2020 ===
464052 Wonder Woman 1984
337401 Mulan
715287 Stepmom's Desire
706503 Lost Bullet
694943 Pizza Dare 1

=== 2025-05-15 22:40:43 QUERY REGION=JP START_YEAR=2020 END_YEAR=2020 ===
464052 Wonder Woman 1984
337401 Mulan
715287 Stepmom's Desire
706503 Lost Bullet
694943 Pizza Dare 1

=== 2025-05-15 22:50:51 QUERY REGION=JP START_YEAR=2020 END_YEAR=2020 ===
464052 Wonder Woman 1984
337401 Mulan
715287 Stepmom's Desire
706503 Lost Bullet
694943 Pizza Dare 1

=== 2025-05-15 22:53:30 QUERY REGION=JP START_YEAR=2020 END_YEAR=2020 ===
464052 Wonder Woman 1984
337401 Mulan
715287 Stepmom's Desire
706503 Lost Bullet
694943 Pizza Dare 1

